TN:
SF:server.js
FN:30,validateRoom
FN:47,searchEmptyRooms
FN:60,createRoom
FN:67,(anonymous_3)
FN:87,joinRoom
FN:121,(anonymous_5)
FN:132,(anonymous_6)
FN:146,stocks
FN:161,leaveRooms
FN:173,(anonymous_9)
FN:199,increaseReadyCounterForRoom
FN:227,(anonymous_11)
FN:252,(anonymous_12)
FN:284,(anonymous_13)
FN:292,(anonymous_14)
FN:297,(anonymous_15)
FN:321,(anonymous_16)
FN:325,(anonymous_17)
FN:346,(anonymous_18)
FN:367,(anonymous_19)
FN:392,(anonymous_20)
FN:408,(anonymous_21)
FN:431,(anonymous_22)
FN:453,(anonymous_23)
FN:471,(anonymous_24)
FN:489,(anonymous_25)
FN:509,(anonymous_26)
FN:514,(anonymous_27)
FN:535,(anonymous_28)
FN:547,(anonymous_29)
FN:559,(anonymous_30)
FN:575,(anonymous_31)
FN:581,(anonymous_32)
FN:597,(anonymous_33)
FN:613,(anonymous_34)
FN:618,(anonymous_35)
FN:622,(anonymous_36)
FN:625,(anonymous_37)
FN:629,(anonymous_38)
FN:633,(anonymous_39)
FN:637,(anonymous_40)
FN:641,(anonymous_41)
FN:645,(anonymous_42)
FN:648,(anonymous_43)
FN:652,(anonymous_44)
FN:656,(anonymous_45)
FN:660,(anonymous_46)
FN:664,(anonymous_47)
FN:668,(anonymous_48)
FN:672,(anonymous_49)
FN:676,(anonymous_50)
FN:680,(anonymous_51)
FN:684,(anonymous_52)
FN:688,(anonymous_53)
FN:692,(anonymous_54)
FN:696,(anonymous_55)
FN:700,(anonymous_56)
FNF:57
FNH:2
FNDA:0,validateRoom
FNDA:0,searchEmptyRooms
FNDA:0,createRoom
FNDA:0,(anonymous_3)
FNDA:0,joinRoom
FNDA:0,(anonymous_5)
FNDA:0,(anonymous_6)
FNDA:0,stocks
FNDA:0,leaveRooms
FNDA:0,(anonymous_9)
FNDA:0,increaseReadyCounterForRoom
FNDA:0,(anonymous_11)
FNDA:0,(anonymous_12)
FNDA:0,(anonymous_13)
FNDA:0,(anonymous_14)
FNDA:0,(anonymous_15)
FNDA:0,(anonymous_16)
FNDA:0,(anonymous_17)
FNDA:0,(anonymous_18)
FNDA:0,(anonymous_19)
FNDA:0,(anonymous_20)
FNDA:0,(anonymous_21)
FNDA:0,(anonymous_22)
FNDA:0,(anonymous_23)
FNDA:0,(anonymous_24)
FNDA:0,(anonymous_25)
FNDA:5,(anonymous_26)
FNDA:2,(anonymous_27)
FNDA:0,(anonymous_28)
FNDA:0,(anonymous_29)
FNDA:0,(anonymous_30)
FNDA:0,(anonymous_31)
FNDA:0,(anonymous_32)
FNDA:0,(anonymous_33)
FNDA:0,(anonymous_34)
FNDA:0,(anonymous_35)
FNDA:0,(anonymous_36)
FNDA:0,(anonymous_37)
FNDA:0,(anonymous_38)
FNDA:0,(anonymous_39)
FNDA:0,(anonymous_40)
FNDA:0,(anonymous_41)
FNDA:0,(anonymous_42)
FNDA:0,(anonymous_43)
FNDA:0,(anonymous_44)
FNDA:0,(anonymous_45)
FNDA:0,(anonymous_46)
FNDA:0,(anonymous_47)
FNDA:0,(anonymous_48)
FNDA:0,(anonymous_49)
FNDA:0,(anonymous_50)
FNDA:0,(anonymous_51)
FNDA:0,(anonymous_52)
FNDA:0,(anonymous_53)
FNDA:0,(anonymous_54)
FNDA:0,(anonymous_55)
FNDA:0,(anonymous_56)
DA:1,1
DA:2,1
DA:3,1
DA:4,1
DA:5,1
DA:6,1
DA:7,1
DA:8,1
DA:9,1
DA:16,1
DA:17,1
DA:18,1
DA:19,1
DA:20,1
DA:31,0
DA:32,0
DA:33,0
DA:34,0
DA:36,0
DA:39,0
DA:48,0
DA:49,0
DA:50,0
DA:51,0
DA:61,0
DA:68,0
DA:69,0
DA:75,0
DA:76,0
DA:88,0
DA:89,0
DA:93,0
DA:94,0
DA:97,0
DA:98,0
DA:99,0
DA:102,0
DA:103,0
DA:104,0
DA:105,0
DA:106,0
DA:108,0
DA:121,1
DA:122,0
DA:133,0
DA:134,0
DA:135,0
DA:147,0
DA:162,0
DA:163,0
DA:165,0
DA:167,0
DA:168,0
DA:170,0
DA:171,0
DA:173,0
DA:174,0
DA:176,0
DA:177,0
DA:181,0
DA:182,0
DA:186,0
DA:187,0
DA:200,0
DA:201,0
DA:203,0
DA:205,0
DA:206,0
DA:207,0
DA:208,0
DA:209,0
DA:211,0
DA:227,1
DA:228,0
DA:229,0
DA:231,0
DA:232,0
DA:233,0
DA:234,0
DA:237,0
DA:252,1
DA:253,0
DA:254,0
DA:256,0
DA:257,0
DA:258,0
DA:261,0
DA:262,0
DA:263,0
DA:264,0
DA:268,0
DA:269,0
DA:270,0
DA:272,0
DA:284,1
DA:285,0
DA:286,0
DA:289,0
DA:292,0
DA:293,0
DA:297,0
DA:298,0
DA:300,0
DA:301,0
DA:302,0
DA:303,0
DA:304,0
DA:308,0
DA:309,0
DA:310,0
DA:321,1
DA:322,0
DA:323,0
DA:325,0
DA:326,0
DA:327,0
DA:328,0
DA:330,0
DA:331,0
DA:346,1
DA:347,0
DA:348,0
DA:350,0
DA:351,0
DA:352,0
DA:353,0
DA:367,1
DA:368,0
DA:369,0
DA:371,0
DA:372,0
DA:374,0
DA:375,0
DA:376,0
DA:378,0
DA:392,1
DA:393,0
DA:394,0
DA:396,0
DA:397,0
DA:408,1
DA:409,0
DA:410,0
DA:412,0
DA:413,0
DA:414,0
DA:415,0
DA:416,0
DA:431,1
DA:432,0
DA:433,0
DA:435,0
DA:436,0
DA:437,0
DA:439,0
DA:453,1
DA:454,0
DA:455,0
DA:457,0
DA:458,0
DA:459,0
DA:471,1
DA:472,0
DA:473,0
DA:475,0
DA:476,0
DA:477,0
DA:489,1
DA:490,0
DA:491,0
DA:493,0
DA:494,0
DA:495,0
DA:496,0
DA:498,0
DA:509,1
DA:510,5
DA:511,3
DA:513,2
DA:514,2
DA:515,2
DA:516,2
DA:517,1
DA:519,1
DA:523,2
DA:535,1
DA:536,0
DA:537,0
DA:540,0
DA:541,0
DA:547,1
DA:548,0
DA:549,0
DA:551,0
DA:552,0
DA:553,0
DA:559,1
DA:560,0
DA:561,0
DA:563,0
DA:564,0
DA:565,0
DA:566,0
DA:568,0
DA:575,1
DA:576,0
DA:577,0
DA:579,0
DA:580,0
DA:581,0
DA:582,0
DA:583,0
DA:585,0
DA:588,0
DA:590,0
DA:597,1
DA:598,0
DA:599,0
DA:601,0
DA:613,1
DA:614,0
DA:615,0
DA:618,1
DA:619,0
DA:622,1
DA:623,0
DA:625,0
DA:626,0
DA:629,0
DA:630,0
DA:633,0
DA:634,0
DA:637,0
DA:638,0
DA:641,0
DA:642,0
DA:645,0
DA:646,0
DA:648,0
DA:649,0
DA:652,0
DA:653,0
DA:656,0
DA:657,0
DA:660,0
DA:661,0
DA:664,0
DA:665,0
DA:668,0
DA:669,0
DA:672,0
DA:673,0
DA:676,0
DA:677,0
DA:680,0
DA:681,0
DA:684,0
DA:685,0
DA:688,0
DA:689,0
DA:692,0
DA:693,0
DA:696,0
DA:697,0
DA:700,0
DA:701,0
DA:706,1
DA:710,1
LF:268
LH:47
BRDA:7,0,0,1
BRDA:7,0,1,1
BRDA:31,1,0,0
BRDA:31,1,1,0
BRDA:33,2,0,0
BRDA:33,2,1,0
BRDA:50,3,0,0
BRDA:50,3,1,0
BRDA:50,4,0,0
BRDA:50,4,1,0
BRDA:88,5,0,0
BRDA:88,5,1,0
BRDA:88,6,0,0
BRDA:88,6,1,0
BRDA:102,7,0,0
BRDA:102,7,1,0
BRDA:162,8,0,0
BRDA:162,8,1,0
BRDA:170,9,0,0
BRDA:170,9,1,0
BRDA:181,10,0,0
BRDA:181,10,1,0
BRDA:200,11,0,0
BRDA:200,11,1,0
BRDA:200,12,0,0
BRDA:200,12,1,0
BRDA:205,13,0,0
BRDA:205,13,1,0
BRDA:205,14,0,0
BRDA:205,14,1,0
BRDA:228,15,0,0
BRDA:228,15,1,0
BRDA:228,16,0,0
BRDA:228,16,1,0
BRDA:228,16,2,0
BRDA:231,17,0,0
BRDA:231,17,1,0
BRDA:231,18,0,0
BRDA:231,18,1,0
BRDA:253,19,0,0
BRDA:253,19,1,0
BRDA:253,20,0,0
BRDA:253,20,1,0
BRDA:253,20,2,0
BRDA:261,21,0,0
BRDA:261,21,1,0
BRDA:262,22,0,0
BRDA:262,22,1,0
BRDA:268,23,0,0
BRDA:268,23,1,0
BRDA:285,24,0,0
BRDA:285,24,1,0
BRDA:285,25,0,0
BRDA:285,25,1,0
BRDA:300,26,0,0
BRDA:300,26,1,0
BRDA:322,27,0,0
BRDA:322,27,1,0
BRDA:347,28,0,0
BRDA:347,28,1,0
BRDA:347,29,0,0
BRDA:347,29,1,0
BRDA:347,29,2,0
BRDA:351,30,0,0
BRDA:351,30,1,0
BRDA:368,31,0,0
BRDA:368,31,1,0
BRDA:368,32,0,0
BRDA:368,32,1,0
BRDA:368,32,2,0
BRDA:374,33,0,0
BRDA:374,33,1,0
BRDA:393,34,0,0
BRDA:393,34,1,0
BRDA:393,35,0,0
BRDA:393,35,1,0
BRDA:393,35,2,0
BRDA:409,36,0,0
BRDA:409,36,1,0
BRDA:409,37,0,0
BRDA:409,37,1,0
BRDA:432,38,0,0
BRDA:432,38,1,0
BRDA:432,39,0,0
BRDA:432,39,1,0
BRDA:432,39,2,0
BRDA:432,39,3,0
BRDA:436,40,0,0
BRDA:436,40,1,0
BRDA:454,41,0,0
BRDA:454,41,1,0
BRDA:454,42,0,0
BRDA:454,42,1,0
BRDA:454,42,2,0
BRDA:472,43,0,0
BRDA:472,43,1,0
BRDA:472,44,0,0
BRDA:472,44,1,0
BRDA:472,44,2,0
BRDA:490,45,0,0
BRDA:490,45,1,0
BRDA:490,46,0,0
BRDA:490,46,1,0
BRDA:490,46,2,0
BRDA:495,47,0,0
BRDA:495,47,1,0
BRDA:510,48,0,3
BRDA:510,48,1,2
BRDA:510,49,0,5
BRDA:510,49,1,4
BRDA:510,49,2,3
BRDA:515,50,0,2
BRDA:515,50,1,0
BRDA:516,51,0,1
BRDA:516,51,1,1
BRDA:536,52,0,0
BRDA:536,52,1,0
BRDA:536,53,0,0
BRDA:536,53,1,0
BRDA:536,53,2,0
BRDA:548,54,0,0
BRDA:548,54,1,0
BRDA:548,55,0,0
BRDA:548,55,1,0
BRDA:560,56,0,0
BRDA:560,56,1,0
BRDA:560,57,0,0
BRDA:560,57,1,0
BRDA:564,58,0,0
BRDA:564,58,1,0
BRDA:576,59,0,0
BRDA:576,59,1,0
BRDA:576,60,0,0
BRDA:576,60,1,0
BRDA:576,60,2,0
BRDA:579,61,0,0
BRDA:579,61,1,0
BRDA:582,62,0,0
BRDA:582,62,1,0
BRDA:598,63,0,0
BRDA:598,63,1,0
BRF:141
BRH:10
end_of_record
