TN:
SF:server.js
FN:30,validateRoom
FN:47,searchEmptyRooms
FN:60,createRoom
FN:67,(anonymous_3)
FN:87,joinRoom
FN:121,(anonymous_5)
FN:132,(anonymous_6)
FN:146,stocks
FN:161,leaveRooms
FN:170,(anonymous_9)
FN:193,increaseReadyCounterForRoom
FN:224,(anonymous_11)
FN:235,(anonymous_12)
FN:257,(anonymous_13)
FN:262,(anonymous_14)
FN:267,(anonymous_15)
FN:287,(anonymous_16)
FN:291,(anonymous_17)
FN:312,(anonymous_18)
FN:333,(anonymous_19)
FN:358,(anonymous_20)
FN:374,(anonymous_21)
FN:397,(anonymous_22)
FN:419,(anonymous_23)
FN:437,(anonymous_24)
FN:455,(anonymous_25)
FN:475,(anonymous_26)
FN:480,(anonymous_27)
FN:501,(anonymous_28)
FN:513,(anonymous_29)
FN:524,(anonymous_30)
FN:538,(anonymous_31)
FN:545,(anonymous_32)
FN:560,(anonymous_33)
FN:576,(anonymous_34)
FN:581,(anonymous_35)
FN:585,(anonymous_36)
FN:588,(anonymous_37)
FN:592,(anonymous_38)
FN:596,(anonymous_39)
FN:600,(anonymous_40)
FN:604,(anonymous_41)
FN:608,(anonymous_42)
FN:611,(anonymous_43)
FN:615,(anonymous_44)
FN:619,(anonymous_45)
FN:623,(anonymous_46)
FN:627,(anonymous_47)
FN:631,(anonymous_48)
FN:635,(anonymous_49)
FN:639,(anonymous_50)
FN:643,(anonymous_51)
FN:647,(anonymous_52)
FN:651,(anonymous_53)
FN:655,(anonymous_54)
FN:659,(anonymous_55)
FN:663,(anonymous_56)
FNF:57
FNH:4
FNDA:0,validateRoom
FNDA:0,searchEmptyRooms
FNDA:1,createRoom
FNDA:0,(anonymous_3)
FNDA:8,joinRoom
FNDA:6,(anonymous_5)
FNDA:0,(anonymous_6)
FNDA:6,stocks
FNDA:0,leaveRooms
FNDA:0,(anonymous_9)
FNDA:0,increaseReadyCounterForRoom
FNDA:0,(anonymous_11)
FNDA:0,(anonymous_12)
FNDA:0,(anonymous_13)
FNDA:0,(anonymous_14)
FNDA:0,(anonymous_15)
FNDA:0,(anonymous_16)
FNDA:0,(anonymous_17)
FNDA:0,(anonymous_18)
FNDA:0,(anonymous_19)
FNDA:0,(anonymous_20)
FNDA:0,(anonymous_21)
FNDA:0,(anonymous_22)
FNDA:0,(anonymous_23)
FNDA:0,(anonymous_24)
FNDA:0,(anonymous_25)
FNDA:0,(anonymous_26)
FNDA:0,(anonymous_27)
FNDA:0,(anonymous_28)
FNDA:0,(anonymous_29)
FNDA:0,(anonymous_30)
FNDA:0,(anonymous_31)
FNDA:0,(anonymous_32)
FNDA:0,(anonymous_33)
FNDA:0,(anonymous_34)
FNDA:0,(anonymous_35)
FNDA:0,(anonymous_36)
FNDA:0,(anonymous_37)
FNDA:0,(anonymous_38)
FNDA:0,(anonymous_39)
FNDA:0,(anonymous_40)
FNDA:0,(anonymous_41)
FNDA:0,(anonymous_42)
FNDA:0,(anonymous_43)
FNDA:0,(anonymous_44)
FNDA:0,(anonymous_45)
FNDA:0,(anonymous_46)
FNDA:0,(anonymous_47)
FNDA:0,(anonymous_48)
FNDA:0,(anonymous_49)
FNDA:0,(anonymous_50)
FNDA:0,(anonymous_51)
FNDA:0,(anonymous_52)
FNDA:0,(anonymous_53)
FNDA:0,(anonymous_54)
FNDA:0,(anonymous_55)
FNDA:0,(anonymous_56)
DA:1,1
DA:2,1
DA:3,1
DA:4,1
DA:5,1
DA:6,1
DA:7,1
DA:8,1
DA:9,1
DA:16,1
DA:17,1
DA:18,1
DA:19,1
DA:20,1
DA:31,0
DA:32,0
DA:33,0
DA:34,0
DA:36,0
DA:39,0
DA:48,0
DA:49,0
DA:50,0
DA:51,0
DA:61,1
DA:68,0
DA:69,0
DA:75,1
DA:76,1
DA:88,8
DA:89,2
DA:93,6
DA:94,6
DA:97,6
DA:98,6
DA:99,6
DA:102,6
DA:103,1
DA:104,1
DA:105,1
DA:106,1
DA:108,6
DA:121,1
DA:122,6
DA:133,0
DA:134,0
DA:135,0
DA:147,6
DA:162,0
DA:164,0
DA:165,0
DA:167,0
DA:168,0
DA:170,0
DA:171,0
DA:172,0
DA:176,0
DA:177,0
DA:181,0
DA:182,0
DA:194,0
DA:195,0
DA:197,0
DA:199,0
DA:200,0
DA:201,0
DA:202,0
DA:203,0
DA:205,0
DA:224,1
DA:225,0
DA:226,0
DA:227,0
DA:228,0
DA:230,0
DA:235,1
DA:236,0
DA:237,0
DA:239,0
DA:240,0
DA:242,0
DA:246,0
DA:247,0
DA:257,1
DA:259,0
DA:262,0
DA:263,0
DA:267,0
DA:268,0
DA:270,0
DA:271,0
DA:272,0
DA:273,0
DA:277,0
DA:278,0
DA:287,1
DA:288,0
DA:289,0
DA:291,0
DA:292,0
DA:293,0
DA:294,0
DA:296,0
DA:297,0
DA:312,1
DA:313,0
DA:314,0
DA:316,0
DA:317,0
DA:318,0
DA:319,0
DA:333,1
DA:334,0
DA:335,0
DA:337,0
DA:338,0
DA:340,0
DA:341,0
DA:342,0
DA:344,0
DA:358,1
DA:359,0
DA:360,0
DA:362,0
DA:363,0
DA:374,1
DA:375,0
DA:376,0
DA:378,0
DA:379,0
DA:380,0
DA:381,0
DA:382,0
DA:397,1
DA:398,0
DA:399,0
DA:401,0
DA:402,0
DA:403,0
DA:405,0
DA:419,1
DA:420,0
DA:421,0
DA:423,0
DA:424,0
DA:425,0
DA:437,1
DA:438,0
DA:439,0
DA:441,0
DA:442,0
DA:443,0
DA:455,1
DA:456,0
DA:457,0
DA:459,0
DA:460,0
DA:461,0
DA:462,0
DA:464,0
DA:475,1
DA:476,0
DA:477,0
DA:479,0
DA:480,0
DA:481,0
DA:482,0
DA:483,0
DA:485,0
DA:489,0
DA:501,1
DA:502,0
DA:503,0
DA:506,0
DA:507,0
DA:513,1
DA:514,0
DA:515,0
DA:517,0
DA:518,0
DA:524,1
DA:525,0
DA:526,0
DA:528,0
DA:529,0
DA:530,0
DA:538,1
DA:539,0
DA:540,0
DA:542,0
DA:543,0
DA:544,0
DA:545,0
DA:546,0
DA:547,0
DA:549,0
DA:553,0
DA:560,1
DA:561,0
DA:562,0
DA:564,0
DA:576,1
DA:577,0
DA:578,0
DA:581,1
DA:582,0
DA:585,1
DA:586,0
DA:588,0
DA:589,0
DA:592,0
DA:593,0
DA:596,0
DA:597,0
DA:600,0
DA:601,0
DA:604,0
DA:605,0
DA:608,0
DA:609,0
DA:611,0
DA:612,0
DA:615,0
DA:616,0
DA:619,0
DA:620,0
DA:623,0
DA:624,0
DA:627,0
DA:628,0
DA:631,0
DA:632,0
DA:635,0
DA:636,0
DA:639,0
DA:640,0
DA:643,0
DA:644,0
DA:647,0
DA:648,0
DA:651,0
DA:652,0
DA:655,0
DA:656,0
DA:659,0
DA:660,0
DA:663,0
DA:664,0
DA:669,1
DA:673,1
LF:250
LH:56
BRDA:7,0,0,1
BRDA:7,0,1,1
BRDA:31,1,0,0
BRDA:31,1,1,0
BRDA:33,2,0,0
BRDA:33,2,1,0
BRDA:50,3,0,0
BRDA:50,3,1,0
BRDA:50,4,0,0
BRDA:50,4,1,0
BRDA:88,5,0,2
BRDA:88,5,1,6
BRDA:88,6,0,8
BRDA:88,6,1,7
BRDA:102,7,0,1
BRDA:102,7,1,5
BRDA:167,8,0,0
BRDA:167,8,1,0
BRDA:176,9,0,0
BRDA:176,9,1,0
BRDA:194,10,0,0
BRDA:194,10,1,0
BRDA:194,11,0,0
BRDA:194,11,1,0
BRDA:199,12,0,0
BRDA:199,12,1,0
BRDA:199,13,0,0
BRDA:199,13,1,0
BRDA:225,14,0,0
BRDA:225,14,1,0
BRDA:225,15,0,0
BRDA:225,15,1,0
BRDA:239,16,0,0
BRDA:239,16,1,0
BRDA:240,17,0,0
BRDA:240,17,1,0
BRDA:246,18,0,0
BRDA:246,18,1,0
BRDA:270,19,0,0
BRDA:270,19,1,0
BRDA:288,20,0,0
BRDA:288,20,1,0
BRDA:313,21,0,0
BRDA:313,21,1,0
BRDA:313,22,0,0
BRDA:313,22,1,0
BRDA:313,22,2,0
BRDA:317,23,0,0
BRDA:317,23,1,0
BRDA:334,24,0,0
BRDA:334,24,1,0
BRDA:334,25,0,0
BRDA:334,25,1,0
BRDA:334,25,2,0
BRDA:340,26,0,0
BRDA:340,26,1,0
BRDA:359,27,0,0
BRDA:359,27,1,0
BRDA:359,28,0,0
BRDA:359,28,1,0
BRDA:359,28,2,0
BRDA:375,29,0,0
BRDA:375,29,1,0
BRDA:375,30,0,0
BRDA:375,30,1,0
BRDA:398,31,0,0
BRDA:398,31,1,0
BRDA:398,32,0,0
BRDA:398,32,1,0
BRDA:398,32,2,0
BRDA:398,32,3,0
BRDA:402,33,0,0
BRDA:402,33,1,0
BRDA:420,34,0,0
BRDA:420,34,1,0
BRDA:420,35,0,0
BRDA:420,35,1,0
BRDA:420,35,2,0
BRDA:438,36,0,0
BRDA:438,36,1,0
BRDA:438,37,0,0
BRDA:438,37,1,0
BRDA:438,37,2,0
BRDA:456,38,0,0
BRDA:456,38,1,0
BRDA:456,39,0,0
BRDA:456,39,1,0
BRDA:456,39,2,0
BRDA:461,40,0,0
BRDA:461,40,1,0
BRDA:476,41,0,0
BRDA:476,41,1,0
BRDA:476,42,0,0
BRDA:476,42,1,0
BRDA:476,42,2,0
BRDA:481,43,0,0
BRDA:481,43,1,0
BRDA:482,44,0,0
BRDA:482,44,1,0
BRDA:502,45,0,0
BRDA:502,45,1,0
BRDA:502,46,0,0
BRDA:502,46,1,0
BRDA:502,46,2,0
BRDA:514,47,0,0
BRDA:514,47,1,0
BRDA:525,48,0,0
BRDA:525,48,1,0
BRDA:529,49,0,0
BRDA:529,49,1,0
BRDA:539,50,0,0
BRDA:539,50,1,0
BRDA:539,51,0,0
BRDA:539,51,1,0
BRDA:542,52,0,0
BRDA:542,52,1,0
BRDA:546,53,0,0
BRDA:546,53,1,0
BRDA:561,54,0,0
BRDA:561,54,1,0
BRF:120
BRH:8
end_of_record
